<?xml version="1.0" encoding="UTF-8"?>
<testsuite name="DollarCalculatorTest" tests="1" skipped="0" failures="0" errors="0" timestamp="2021-08-20T14:07:45" hostname="DESKTOP-3MKAFPA" time="1.162">
  <properties/>
  <testcase name="MockTest()" classname="DollarCalculatorTest" time="1.162"/>
  <system-out><![CDATA[60000
]]></system-out>
  <system-err><![CDATA[]]></system-err>
</testsuite>
